<?xml version="1.0" encoding="UTF-8"?>
<!-- Generated by org.testng.reporters.JUnitXMLReporter -->
<testsuite hostname="Maheshs-Lenovo" ignored="0" name="chrometest" tests="2" failures="1" timestamp="24 Sep 2020 15:13:41 GMT" time="57.374" errors="0">
  <testcase name="loginTest" time="12.716" classname="com.nopcommerce.testcases.TC_LoginTest_001">
    <failure type="java.lang.AssertionError" message="expected [true] but found [false]">
      <![CDATA[java.lang.AssertionError: expected [true] but found [false]
at com.nopcommerce.testcases.TC_LoginTest_001.loginTest(TC_LoginTest_001.java:44)
at java.util.concurrent.FutureTask.run(Unknown Source)
at java.util.concurrent.ThreadPoolExecutor.runWorker(Unknown Source)
at java.util.concurrent.ThreadPoolExecutor$Worker.run(Unknown Source)
at java.lang.Thread.run(Unknown Source)
... Removed 20 stack frames]]>
    </failure>
  </testcase> <!-- loginTest -->
  <testcase name="addNewCustomer" time="32.195" classname="com.nopcommerce.testcases.TC_AddCustomerTest_003"/>
</testsuite> <!-- chrometest -->
