<?xml version="1.0" encoding="UTF-8"?>
<testng-results skipped="0" failed="0" ignored="0" total="2" passed="2">
  <reporter-output>
  </reporter-output>
  <suite name="nopcommerce" duration-ms="22787" started-at="2020-09-24T15:51:29Z" finished-at="2020-09-24T15:51:52Z">
    <groups>
    </groups>
    <test name="TC_LoginTest_001" duration-ms="18012" started-at="2020-09-24T15:51:29Z" finished-at="2020-09-24T15:51:47Z">
      <class name="com.nopcommerce.testcases.TC_LoginTest_001">
        <test-method status="PASS" signature="setup(java.lang.String)[pri:0, instance:com.nopcommerce.testcases.TC_LoginTest_001@12468a38]" name="setup" is-config="true" duration-ms="7392" started-at="2020-09-24T15:51:29Z" finished-at="2020-09-24T15:51:37Z">
          <params>
            <param index="0">
              <value>
                <![CDATA[chrome]]>
              </value>
            </param>
          </params>
          <reporter-output>
          </reporter-output>
        </test-method> <!-- setup -->
        <test-method status="PASS" signature="loginTest()[pri:0, instance:com.nopcommerce.testcases.TC_LoginTest_001@12468a38]" name="loginTest" duration-ms="10252" started-at="2020-09-24T15:51:37Z" finished-at="2020-09-24T15:51:47Z">
          <reporter-output>
          </reporter-output>
        </test-method> <!-- loginTest -->
        <test-method status="PASS" signature="tearDown()[pri:0, instance:com.nopcommerce.testcases.TC_LoginTest_001@12468a38]" name="tearDown" is-config="true" duration-ms="121" started-at="2020-09-24T15:51:47Z" finished-at="2020-09-24T15:51:47Z">
          <reporter-output>
          </reporter-output>
        </test-method> <!-- tearDown -->
      </class> <!-- com.nopcommerce.testcases.TC_LoginTest_001 -->
    </test> <!-- TC_LoginTest_001 -->
    <test name="TC_SearchCustomerByName_005" duration-ms="22787" started-at="2020-09-24T15:51:29Z" finished-at="2020-09-24T15:51:52Z">
      <class name="com.nopcommerce.testcases.TC_SearchCustomerByName_005">
        <test-method status="PASS" signature="setup(java.lang.String)[pri:0, instance:com.nopcommerce.testcases.TC_SearchCustomerByName_005@1d2adfbe]" name="setup" is-config="true" duration-ms="7392" started-at="2020-09-24T15:51:29Z" finished-at="2020-09-24T15:51:37Z">
          <params>
            <param index="0">
              <value>
                <![CDATA[chrome]]>
              </value>
            </param>
          </params>
          <reporter-output>
          </reporter-output>
        </test-method> <!-- setup -->
        <test-method status="PASS" signature="searchCustomerbyName()[pri:0, instance:com.nopcommerce.testcases.TC_SearchCustomerByName_005@1d2adfbe]" name="searchCustomerbyName" duration-ms="15106" started-at="2020-09-24T15:51:37Z" finished-at="2020-09-24T15:51:52Z">
          <reporter-output>
          </reporter-output>
        </test-method> <!-- searchCustomerbyName -->
        <test-method status="PASS" signature="tearDown()[pri:0, instance:com.nopcommerce.testcases.TC_SearchCustomerByName_005@1d2adfbe]" name="tearDown" is-config="true" duration-ms="67" started-at="2020-09-24T15:51:52Z" finished-at="2020-09-24T15:51:52Z">
          <reporter-output>
          </reporter-output>
        </test-method> <!-- tearDown -->
      </class> <!-- com.nopcommerce.testcases.TC_SearchCustomerByName_005 -->
    </test> <!-- TC_SearchCustomerByName_005 -->
  </suite> <!-- nopcommerce -->
</testng-results>
