<?xml version="1.0" encoding="UTF-8"?>
<!-- Generated by org.testng.reporters.JUnitReportReporter -->
<testsuite skipped="0" hostname="Maheshs-Lenovo" name="com.nopcommerce.testcases.TC_LoginDDT_002" tests="4" failures="0" timestamp="23 Sep 2020 15:34:32 GMT" time="33.361" errors="0">
  <testcase name="loginTest" time="4.902" classname="com.nopcommerce.testcases.TC_LoginDDT_002"/>
  <testcase name="loginTest" time="18.573" classname="com.nopcommerce.testcases.TC_LoginDDT_002"/>
  <testcase name="loginTest" time="4.930" classname="com.nopcommerce.testcases.TC_LoginDDT_002"/>
  <testcase name="loginTest" time="4.956" classname="com.nopcommerce.testcases.TC_LoginDDT_002"/>
</testsuite> <!-- com.nopcommerce.testcases.TC_LoginDDT_002 -->
